build/app/intermediates/manifest_merge_blame_file/debug/processDebugMainManifest/manifest-merger-blame-debug-report.txt
1<?xml version="1.0" encoding="utf-8"?>
2<manifest xmlns:android="http://schemas.android.com/apk/res/android"
3    package="com.example.city_guide"
4    android:versionCode="1"
5    android:versionName="1.0.0" >
6
7    <uses-sdk
8        android:minSdkVersion="23"
9        android:targetSdkVersion="35" />
10    <!--
11         The INTERNET permission is required for development. Specifically,
12         the Flutter tool needs it to communicate with the running application
13         to allow setting breakpoints, to provide hot reload, etc.
14    -->
15    <uses-permission android:name="android.permission.INTERNET" />
15-->src\debug\AndroidManifest.xml:6:5-66
15-->src\debug\AndroidManifest.xml:6:22-64
16    <!--
17     Required to query activities that can process text, see:
18         https://developer.android.com/training/package-visibility and
19         https://developer.android.com/reference/android/content/Intent#ACTION_PROCESS_TEXT.
20
21         In particular, this is used by the Flutter engine in io.flutter.plugin.text.ProcessTextPlugin.
22    -->
23    <queries>
23-->src\main\AndroidManifest.xml:39:5-44:15
24        <intent>
24-->src\main\AndroidManifest.xml:40:9-43:18
25            <action android:name="android.intent.action.PROCESS_TEXT" />
25-->src\main\AndroidManifest.xml:41:13-72
25-->src\main\AndroidManifest.xml:41:21-70
26
27            <data android:mimeType="text/plain" />
27-->src\main\AndroidManifest.xml:42:13-50
27-->src\main\AndroidManifest.xml:42:19-48
28        </intent>
29    </queries>
30
31    <uses-permission android:name="android.permission.ACCESS_NETWORK_STATE" />
31-->[com.google.firebase:firebase-auth:23.1.0] AndroidManifest.xml:26:5-79
31-->[com.google.firebase:firebase-auth:23.1.0] AndroidManifest.xml:26:22-76
32    <uses-permission android:name="com.google.android.providers.gsf.permission.READ_GSERVICES" />
32-->[com.google.android.recaptcha:recaptcha:18.5.1] AndroidManifest.xml:9:5-98
32-->[com.google.android.recaptcha:recaptcha:18.5.1] AndroidManifest.xml:9:22-95
33
34    <permission
34-->[androidx.core:core:1.13.1] AndroidManifest.xml:22:5-24:47
35        android:name="com.example.city_guide.DYNAMIC_RECEIVER_NOT_EXPORTED_PERMISSION"
35-->[androidx.core:core:1.13.1] AndroidManifest.xml:23:9-81
36        android:protectionLevel="signature" />
36-->[androidx.core:core:1.13.1] AndroidManifest.xml:24:9-44
37
38    <uses-permission android:name="com.example.city_guide.DYNAMIC_RECEIVER_NOT_EXPORTED_PERMISSION" />
38-->[androidx.core:core:1.13.1] AndroidManifest.xml:26:5-97
38-->[androidx.core:core:1.13.1] AndroidManifest.xml:26:22-94
39
40    <application
41        android:name="android.app.Application"
42        android:appComponentFactory="androidx.core.app.CoreComponentFactory"
42-->[androidx.core:core:1.13.1] AndroidManifest.xml:28:18-86
43        android:debuggable="true"
44        android:extractNativeLibs="false"
45        android:icon="@mipmap/ic_launcher"
46        android:label="city_guide" >
47        <activity
48            android:name="com.example.city_guide.MainActivity"
49            android:configChanges="orientation|keyboardHidden|keyboard|screenSize|smallestScreenSize|locale|layoutDirection|fontScale|screenLayout|density|uiMode"
50            android:exported="true"
51            android:hardwareAccelerated="true"
52            android:launchMode="singleTop"
53            android:taskAffinity=""
54            android:theme="@style/LaunchTheme"
55            android:windowSoftInputMode="adjustResize" >
56
57            <!--
58                 Specifies an Android theme to apply to this Activity as soon as
59                 the Android process has started. This theme is visible to the user
60                 while the Flutter UI initializes. After that, this theme continues
61                 to determine the Window background behind the Flutter UI.
62            -->
63            <meta-data
64                android:name="io.flutter.embedding.android.NormalTheme"
65                android:resource="@style/NormalTheme" />
66
67            <intent-filter>
68                <action android:name="android.intent.action.MAIN" />
69
70                <category android:name="android.intent.category.LAUNCHER" />
71            </intent-filter>
72        </activity>
73        <!--
74             Don't delete the meta-data below.
75             This is used by the Flutter tool to generate GeneratedPluginRegistrant.java
76        -->
77        <meta-data
78            android:name="flutterEmbedding"
79            android:value="2" />
80
81        <service
81-->[:firebase_app_check] AndroidManifest.xml:8:9-12:19
82            android:name="com.google.firebase.components.ComponentDiscoveryService"
82-->[:firebase_app_check] AndroidManifest.xml:8:18-89
83            android:directBootAware="true"
83-->[com.google.firebase:firebase-common:21.0.0] AndroidManifest.xml:32:13-43
84            android:exported="false" >
84-->[com.google.firebase:firebase-appcheck-debug:18.0.0] AndroidManifest.xml:24:13-37
85            <meta-data
85-->[:firebase_app_check] AndroidManifest.xml:9:13-11:85
86                android:name="com.google.firebase.components:io.flutter.plugins.firebase.appcheck.FlutterFirebaseAppRegistrar"
86-->[:firebase_app_check] AndroidManifest.xml:10:17-127
87                android:value="com.google.firebase.components.ComponentRegistrar" />
87-->[:firebase_app_check] AndroidManifest.xml:11:17-82
88            <meta-data
88-->[:cloud_firestore] AndroidManifest.xml:9:13-11:85
89                android:name="com.google.firebase.components:io.flutter.plugins.firebase.firestore.FlutterFirebaseFirestoreRegistrar"
89-->[:cloud_firestore] AndroidManifest.xml:10:17-134
90                android:value="com.google.firebase.components.ComponentRegistrar" />
90-->[:cloud_firestore] AndroidManifest.xml:11:17-82
91            <meta-data
91-->[:firebase_auth] AndroidManifest.xml:9:13-11:85
92                android:name="com.google.firebase.components:io.flutter.plugins.firebase.auth.FlutterFirebaseAuthRegistrar"
92-->[:firebase_auth] AndroidManifest.xml:10:17-124
93                android:value="com.google.firebase.components.ComponentRegistrar" />
93-->[:firebase_auth] AndroidManifest.xml:11:17-82
94            <meta-data
94-->[:firebase_storage] AndroidManifest.xml:9:13-11:85
95                android:name="com.google.firebase.components:io.flutter.plugins.firebase.storage.FlutterFirebaseAppRegistrar"
95-->[:firebase_storage] AndroidManifest.xml:10:17-126
96                android:value="com.google.firebase.components.ComponentRegistrar" />
96-->[:firebase_storage] AndroidManifest.xml:11:17-82
97            <meta-data
97-->[:firebase_core] AndroidManifest.xml:9:13-11:85
98                android:name="com.google.firebase.components:io.flutter.plugins.firebase.core.FlutterFirebaseCoreRegistrar"
98-->[:firebase_core] AndroidManifest.xml:10:17-124
99                android:value="com.google.firebase.components.ComponentRegistrar" />
99-->[:firebase_core] AndroidManifest.xml:11:17-82
100            <meta-data
100-->[com.google.firebase:firebase-appcheck-debug:18.0.0] AndroidManifest.xml:25:13-27:85
101                android:name="com.google.firebase.components:com.google.firebase.appcheck.debug.FirebaseAppCheckDebugRegistrar"
101-->[com.google.firebase:firebase-appcheck-debug:18.0.0] AndroidManifest.xml:26:17-128
102                android:value="com.google.firebase.components.ComponentRegistrar" />
102-->[com.google.firebase:firebase-appcheck-debug:18.0.0] AndroidManifest.xml:27:17-82
103            <meta-data
103-->[com.google.firebase:firebase-auth:23.1.0] AndroidManifest.xml:69:13-71:85
104                android:name="com.google.firebase.components:com.google.firebase.auth.FirebaseAuthRegistrar"
104-->[com.google.firebase:firebase-auth:23.1.0] AndroidManifest.xml:70:17-109
105                android:value="com.google.firebase.components.ComponentRegistrar" />
105-->[com.google.firebase:firebase-auth:23.1.0] AndroidManifest.xml:71:17-82
106            <meta-data
106-->[com.google.firebase:firebase-firestore:25.1.1] AndroidManifest.xml:17:13-19:85
107                android:name="com.google.firebase.components:com.google.firebase.firestore.FirebaseFirestoreKtxRegistrar"
107-->[com.google.firebase:firebase-firestore:25.1.1] AndroidManifest.xml:18:17-122
108                android:value="com.google.firebase.components.ComponentRegistrar" />
108-->[com.google.firebase:firebase-firestore:25.1.1] AndroidManifest.xml:19:17-82
109            <meta-data
109-->[com.google.firebase:firebase-firestore:25.1.1] AndroidManifest.xml:20:13-22:85
110                android:name="com.google.firebase.components:com.google.firebase.firestore.FirestoreRegistrar"
110-->[com.google.firebase:firebase-firestore:25.1.1] AndroidManifest.xml:21:17-111
111                android:value="com.google.firebase.components.ComponentRegistrar" />
111-->[com.google.firebase:firebase-firestore:25.1.1] AndroidManifest.xml:22:17-82
112            <meta-data
112-->[com.google.firebase:firebase-appcheck-playintegrity:18.0.0] AndroidManifest.xml:25:13-27:85
113                android:name="com.google.firebase.components:com.google.firebase.appcheck.playintegrity.FirebaseAppCheckPlayIntegrityRegistrar"
113-->[com.google.firebase:firebase-appcheck-playintegrity:18.0.0] AndroidManifest.xml:26:17-144
114                android:value="com.google.firebase.components.ComponentRegistrar" />
114-->[com.google.firebase:firebase-appcheck-playintegrity:18.0.0] AndroidManifest.xml:27:17-82
115            <meta-data
115-->[com.google.firebase:firebase-storage:21.0.1] AndroidManifest.xml:30:13-32:85
116                android:name="com.google.firebase.components:com.google.firebase.storage.FirebaseStorageKtxRegistrar"
116-->[com.google.firebase:firebase-storage:21.0.1] AndroidManifest.xml:31:17-118
117                android:value="com.google.firebase.components.ComponentRegistrar" />
117-->[com.google.firebase:firebase-storage:21.0.1] AndroidManifest.xml:32:17-82
118            <meta-data
118-->[com.google.firebase:firebase-storage:21.0.1] AndroidManifest.xml:33:13-35:85
119                android:name="com.google.firebase.components:com.google.firebase.storage.StorageRegistrar"
119-->[com.google.firebase:firebase-storage:21.0.1] AndroidManifest.xml:34:17-107
120                android:value="com.google.firebase.components.ComponentRegistrar" />
120-->[com.google.firebase:firebase-storage:21.0.1] AndroidManifest.xml:35:17-82
121            <meta-data
121-->[com.google.firebase:firebase-appcheck-safetynet:16.1.2] AndroidManifest.xml:27:13-29:85
122                android:name="com.google.firebase.components:com.google.firebase.appcheck.safetynet.FirebaseAppCheckSafetyNetRegistrar"
122-->[com.google.firebase:firebase-appcheck-safetynet:16.1.2] AndroidManifest.xml:28:17-136
123                android:value="com.google.firebase.components.ComponentRegistrar" />
123-->[com.google.firebase:firebase-appcheck-safetynet:16.1.2] AndroidManifest.xml:29:17-82
124            <meta-data
124-->[com.google.firebase:firebase-appcheck:18.0.0] AndroidManifest.xml:25:13-27:85
125                android:name="com.google.firebase.components:com.google.firebase.appcheck.FirebaseAppCheckKtxRegistrar"
125-->[com.google.firebase:firebase-appcheck:18.0.0] AndroidManifest.xml:26:17-120
126                android:value="com.google.firebase.components.ComponentRegistrar" />
126-->[com.google.firebase:firebase-appcheck:18.0.0] AndroidManifest.xml:27:17-82
127            <meta-data
127-->[com.google.firebase:firebase-appcheck:18.0.0] AndroidManifest.xml:28:13-30:85
128                android:name="com.google.firebase.components:com.google.firebase.appcheck.FirebaseAppCheckRegistrar"
128-->[com.google.firebase:firebase-appcheck:18.0.0] AndroidManifest.xml:29:17-117
129                android:value="com.google.firebase.components.ComponentRegistrar" />
129-->[com.google.firebase:firebase-appcheck:18.0.0] AndroidManifest.xml:30:17-82
130            <meta-data
130-->[com.google.firebase:firebase-common-ktx:21.0.0] AndroidManifest.xml:12:13-14:85
131                android:name="com.google.firebase.components:com.google.firebase.ktx.FirebaseCommonLegacyRegistrar"
131-->[com.google.firebase:firebase-common-ktx:21.0.0] AndroidManifest.xml:13:17-116
132                android:value="com.google.firebase.components.ComponentRegistrar" />
132-->[com.google.firebase:firebase-common-ktx:21.0.0] AndroidManifest.xml:14:17-82
133            <meta-data
133-->[com.google.firebase:firebase-common:21.0.0] AndroidManifest.xml:35:13-37:85
134                android:name="com.google.firebase.components:com.google.firebase.FirebaseCommonKtxRegistrar"
134-->[com.google.firebase:firebase-common:21.0.0] AndroidManifest.xml:36:17-109
135                android:value="com.google.firebase.components.ComponentRegistrar" />
135-->[com.google.firebase:firebase-common:21.0.0] AndroidManifest.xml:37:17-82
136        </service>
137
138        <activity
138-->[com.google.firebase:firebase-auth:23.1.0] AndroidManifest.xml:29:9-46:20
139            android:name="com.google.firebase.auth.internal.GenericIdpActivity"
139-->[com.google.firebase:firebase-auth:23.1.0] AndroidManifest.xml:30:13-80
140            android:excludeFromRecents="true"
140-->[com.google.firebase:firebase-auth:23.1.0] AndroidManifest.xml:31:13-46
141            android:exported="true"
141-->[com.google.firebase:firebase-auth:23.1.0] AndroidManifest.xml:32:13-36
142            android:launchMode="singleTask"
142-->[com.google.firebase:firebase-auth:23.1.0] AndroidManifest.xml:33:13-44
143            android:theme="@android:style/Theme.Translucent.NoTitleBar" >
143-->[com.google.firebase:firebase-auth:23.1.0] AndroidManifest.xml:34:13-72
144            <intent-filter>
144-->[com.google.firebase:firebase-auth:23.1.0] AndroidManifest.xml:35:13-45:29
145                <action android:name="android.intent.action.VIEW" />
145-->[com.google.firebase:firebase-auth:23.1.0] AndroidManifest.xml:36:17-69
145-->[com.google.firebase:firebase-auth:23.1.0] AndroidManifest.xml:36:25-66
146
147                <category android:name="android.intent.category.DEFAULT" />
147-->[com.google.firebase:firebase-auth:23.1.0] AndroidManifest.xml:38:17-76
147-->[com.google.firebase:firebase-auth:23.1.0] AndroidManifest.xml:38:27-73
148                <category android:name="android.intent.category.BROWSABLE" />
148-->[com.google.firebase:firebase-auth:23.1.0] AndroidManifest.xml:39:17-78
148-->[com.google.firebase:firebase-auth:23.1.0] AndroidManifest.xml:39:27-75
149
150                <data
150-->src\main\AndroidManifest.xml:42:13-50
151                    android:host="firebase.auth"
152                    android:path="/"
153                    android:scheme="genericidp" />
154            </intent-filter>
155        </activity>
156        <activity
156-->[com.google.firebase:firebase-auth:23.1.0] AndroidManifest.xml:47:9-64:20
157            android:name="com.google.firebase.auth.internal.RecaptchaActivity"
157-->[com.google.firebase:firebase-auth:23.1.0] AndroidManifest.xml:48:13-79
158            android:excludeFromRecents="true"
158-->[com.google.firebase:firebase-auth:23.1.0] AndroidManifest.xml:49:13-46
159            android:exported="true"
159-->[com.google.firebase:firebase-auth:23.1.0] AndroidManifest.xml:50:13-36
160            android:launchMode="singleTask"
160-->[com.google.firebase:firebase-auth:23.1.0] AndroidManifest.xml:51:13-44
161            android:theme="@android:style/Theme.Translucent.NoTitleBar" >
161-->[com.google.firebase:firebase-auth:23.1.0] AndroidManifest.xml:52:13-72
162            <intent-filter>
162-->[com.google.firebase:firebase-auth:23.1.0] AndroidManifest.xml:53:13-63:29
163                <action android:name="android.intent.action.VIEW" />
163-->[com.google.firebase:firebase-auth:23.1.0] AndroidManifest.xml:36:17-69
163-->[com.google.firebase:firebase-auth:23.1.0] AndroidManifest.xml:36:25-66
164
165                <category android:name="android.intent.category.DEFAULT" />
165-->[com.google.firebase:firebase-auth:23.1.0] AndroidManifest.xml:38:17-76
165-->[com.google.firebase:firebase-auth:23.1.0] AndroidManifest.xml:38:27-73
166                <category android:name="android.intent.category.BROWSABLE" />
166-->[com.google.firebase:firebase-auth:23.1.0] AndroidManifest.xml:39:17-78
166-->[com.google.firebase:firebase-auth:23.1.0] AndroidManifest.xml:39:27-75
167
168                <data
168-->src\main\AndroidManifest.xml:42:13-50
169                    android:host="firebase.auth"
170                    android:path="/"
171                    android:scheme="recaptcha" />
172            </intent-filter>
173        </activity>
174
175        <provider
175-->[:image_picker_android] AndroidManifest.xml:9:9-17:20
176            android:name="io.flutter.plugins.imagepicker.ImagePickerFileProvider"
176-->[:image_picker_android] AndroidManifest.xml:10:13-82
177            android:authorities="com.example.city_guide.flutter.image_provider"
177-->[:image_picker_android] AndroidManifest.xml:11:13-74
178            android:exported="false"
178-->[:image_picker_android] AndroidManifest.xml:12:13-37
179            android:grantUriPermissions="true" >
179-->[:image_picker_android] AndroidManifest.xml:13:13-47
180            <meta-data
180-->[:image_picker_android] AndroidManifest.xml:14:13-16:75
181                android:name="android.support.FILE_PROVIDER_PATHS"
181-->[:image_picker_android] AndroidManifest.xml:15:17-67
182                android:resource="@xml/flutter_image_picker_file_paths" />
182-->[:image_picker_android] AndroidManifest.xml:16:17-72
183        </provider> <!-- Trigger Google Play services to install the backported photo picker module. -->
184        <service
184-->[:image_picker_android] AndroidManifest.xml:19:9-31:19
185            android:name="com.google.android.gms.metadata.ModuleDependencies"
185-->[:image_picker_android] AndroidManifest.xml:20:13-78
186            android:enabled="false"
186-->[:image_picker_android] AndroidManifest.xml:21:13-36
187            android:exported="false" >
187-->[:image_picker_android] AndroidManifest.xml:22:13-37
188            <intent-filter>
188-->[:image_picker_android] AndroidManifest.xml:24:13-26:29
189                <action android:name="com.google.android.gms.metadata.MODULE_DEPENDENCIES" />
189-->[:image_picker_android] AndroidManifest.xml:25:17-94
189-->[:image_picker_android] AndroidManifest.xml:25:25-91
190            </intent-filter>
191
192            <meta-data
192-->[:image_picker_android] AndroidManifest.xml:28:13-30:36
193                android:name="photopicker_activity:0:required"
193-->[:image_picker_android] AndroidManifest.xml:29:17-63
194                android:value="" />
194-->[:image_picker_android] AndroidManifest.xml:30:17-33
195        </service>
196
197        <provider
197-->[com.google.firebase:firebase-common:21.0.0] AndroidManifest.xml:23:9-28:39
198            android:name="com.google.firebase.provider.FirebaseInitProvider"
198-->[com.google.firebase:firebase-common:21.0.0] AndroidManifest.xml:24:13-77
199            android:authorities="com.example.city_guide.firebaseinitprovider"
199-->[com.google.firebase:firebase-common:21.0.0] AndroidManifest.xml:25:13-72
200            android:directBootAware="true"
200-->[com.google.firebase:firebase-common:21.0.0] AndroidManifest.xml:26:13-43
201            android:exported="false"
201-->[com.google.firebase:firebase-common:21.0.0] AndroidManifest.xml:27:13-37
202            android:initOrder="100" />
202-->[com.google.firebase:firebase-common:21.0.0] AndroidManifest.xml:28:13-36
203
204        <service
204-->[androidx.credentials:credentials-play-services-auth:1.2.0-rc01] AndroidManifest.xml:24:9-32:19
205            android:name="androidx.credentials.playservices.CredentialProviderMetadataHolder"
205-->[androidx.credentials:credentials-play-services-auth:1.2.0-rc01] AndroidManifest.xml:25:13-94
206            android:enabled="true"
206-->[androidx.credentials:credentials-play-services-auth:1.2.0-rc01] AndroidManifest.xml:26:13-35
207            android:exported="false" >
207-->[androidx.credentials:credentials-play-services-auth:1.2.0-rc01] AndroidManifest.xml:27:13-37
208            <meta-data
208-->[androidx.credentials:credentials-play-services-auth:1.2.0-rc01] AndroidManifest.xml:29:13-31:104
209                android:name="androidx.credentials.CREDENTIAL_PROVIDER_KEY"
209-->[androidx.credentials:credentials-play-services-auth:1.2.0-rc01] AndroidManifest.xml:30:17-76
210                android:value="androidx.credentials.playservices.CredentialProviderPlayServicesImpl" />
210-->[androidx.credentials:credentials-play-services-auth:1.2.0-rc01] AndroidManifest.xml:31:17-101
211        </service>
212
213        <activity
213-->[androidx.credentials:credentials-play-services-auth:1.2.0-rc01] AndroidManifest.xml:34:9-41:20
214            android:name="androidx.credentials.playservices.HiddenActivity"
214-->[androidx.credentials:credentials-play-services-auth:1.2.0-rc01] AndroidManifest.xml:35:13-76
215            android:configChanges="orientation|screenSize|screenLayout|keyboardHidden"
215-->[androidx.credentials:credentials-play-services-auth:1.2.0-rc01] AndroidManifest.xml:36:13-87
216            android:enabled="true"
216-->[androidx.credentials:credentials-play-services-auth:1.2.0-rc01] AndroidManifest.xml:37:13-35
217            android:exported="false"
217-->[androidx.credentials:credentials-play-services-auth:1.2.0-rc01] AndroidManifest.xml:38:13-37
218            android:fitsSystemWindows="true"
218-->[androidx.credentials:credentials-play-services-auth:1.2.0-rc01] AndroidManifest.xml:39:13-45
219            android:theme="@style/Theme.Hidden" >
219-->[androidx.credentials:credentials-play-services-auth:1.2.0-rc01] AndroidManifest.xml:40:13-48
220        </activity>
221        <activity
221-->[com.google.android.gms:play-services-auth:20.7.0] AndroidManifest.xml:23:9-27:75
222            android:name="com.google.android.gms.auth.api.signin.internal.SignInHubActivity"
222-->[com.google.android.gms:play-services-auth:20.7.0] AndroidManifest.xml:24:13-93
223            android:excludeFromRecents="true"
223-->[com.google.android.gms:play-services-auth:20.7.0] AndroidManifest.xml:25:13-46
224            android:exported="false"
224-->[com.google.android.gms:play-services-auth:20.7.0] AndroidManifest.xml:26:13-37
225            android:theme="@android:style/Theme.Translucent.NoTitleBar" />
225-->[com.google.android.gms:play-services-auth:20.7.0] AndroidManifest.xml:27:13-72
226        <!--
227            Service handling Google Sign-In user revocation. For apps that do not integrate with
228            Google Sign-In, this service will never be started.
229        -->
230        <service
230-->[com.google.android.gms:play-services-auth:20.7.0] AndroidManifest.xml:33:9-37:51
231            android:name="com.google.android.gms.auth.api.signin.RevocationBoundService"
231-->[com.google.android.gms:play-services-auth:20.7.0] AndroidManifest.xml:34:13-89
232            android:exported="true"
232-->[com.google.android.gms:play-services-auth:20.7.0] AndroidManifest.xml:35:13-36
233            android:permission="com.google.android.gms.auth.api.signin.permission.REVOCATION_NOTIFICATION"
233-->[com.google.android.gms:play-services-auth:20.7.0] AndroidManifest.xml:36:13-107
234            android:visibleToInstantApps="true" />
234-->[com.google.android.gms:play-services-auth:20.7.0] AndroidManifest.xml:37:13-48
235
236        <activity
236-->[com.google.android.gms:play-services-base:18.1.0] AndroidManifest.xml:20:9-22:45
237            android:name="com.google.android.gms.common.api.GoogleApiActivity"
237-->[com.google.android.gms:play-services-base:18.1.0] AndroidManifest.xml:20:19-85
238            android:exported="false"
238-->[com.google.android.gms:play-services-base:18.1.0] AndroidManifest.xml:22:19-43
239            android:theme="@android:style/Theme.Translucent.NoTitleBar" />
239-->[com.google.android.gms:play-services-base:18.1.0] AndroidManifest.xml:21:19-78
240
241        <provider
241-->[androidx.lifecycle:lifecycle-process:2.7.0] AndroidManifest.xml:24:9-32:20
242            android:name="androidx.startup.InitializationProvider"
242-->[androidx.lifecycle:lifecycle-process:2.7.0] AndroidManifest.xml:25:13-67
243            android:authorities="com.example.city_guide.androidx-startup"
243-->[androidx.lifecycle:lifecycle-process:2.7.0] AndroidManifest.xml:26:13-68
244            android:exported="false" >
244-->[androidx.lifecycle:lifecycle-process:2.7.0] AndroidManifest.xml:27:13-37
245            <meta-data
245-->[androidx.lifecycle:lifecycle-process:2.7.0] AndroidManifest.xml:29:13-31:52
246                android:name="androidx.lifecycle.ProcessLifecycleInitializer"
246-->[androidx.lifecycle:lifecycle-process:2.7.0] AndroidManifest.xml:30:17-78
247                android:value="androidx.startup" />
247-->[androidx.lifecycle:lifecycle-process:2.7.0] AndroidManifest.xml:31:17-49
248            <meta-data
248-->[androidx.profileinstaller:profileinstaller:1.3.1] AndroidManifest.xml:29:13-31:52
249                android:name="androidx.profileinstaller.ProfileInstallerInitializer"
249-->[androidx.profileinstaller:profileinstaller:1.3.1] AndroidManifest.xml:30:17-85
250                android:value="androidx.startup" />
250-->[androidx.profileinstaller:profileinstaller:1.3.1] AndroidManifest.xml:31:17-49
251        </provider>
252
253        <uses-library
253-->[androidx.window:window:1.2.0] AndroidManifest.xml:23:9-25:40
254            android:name="androidx.window.extensions"
254-->[androidx.window:window:1.2.0] AndroidManifest.xml:24:13-54
255            android:required="false" />
255-->[androidx.window:window:1.2.0] AndroidManifest.xml:25:13-37
256        <uses-library
256-->[androidx.window:window:1.2.0] AndroidManifest.xml:26:9-28:40
257            android:name="androidx.window.sidecar"
257-->[androidx.window:window:1.2.0] AndroidManifest.xml:27:13-51
258            android:required="false" />
258-->[androidx.window:window:1.2.0] AndroidManifest.xml:28:13-37
259
260        <meta-data
260-->[com.google.android.gms:play-services-basement:18.4.0] AndroidManifest.xml:6:9-122
261            android:name="com.google.android.gms.version"
261-->[com.google.android.gms:play-services-basement:18.4.0] AndroidManifest.xml:6:20-65
262            android:value="@integer/google_play_services_version" />
262-->[com.google.android.gms:play-services-basement:18.4.0] AndroidManifest.xml:6:66-119
263
264        <receiver
264-->[androidx.profileinstaller:profileinstaller:1.3.1] AndroidManifest.xml:34:9-52:20
265            android:name="androidx.profileinstaller.ProfileInstallReceiver"
265-->[androidx.profileinstaller:profileinstaller:1.3.1] AndroidManifest.xml:35:13-76
266            android:directBootAware="false"
266-->[androidx.profileinstaller:profileinstaller:1.3.1] AndroidManifest.xml:36:13-44
267            android:enabled="true"
267-->[androidx.profileinstaller:profileinstaller:1.3.1] AndroidManifest.xml:37:13-35
268            android:exported="true"
268-->[androidx.profileinstaller:profileinstaller:1.3.1] AndroidManifest.xml:38:13-36
269            android:permission="android.permission.DUMP" >
269-->[androidx.profileinstaller:profileinstaller:1.3.1] AndroidManifest.xml:39:13-57
270            <intent-filter>
270-->[androidx.profileinstaller:profileinstaller:1.3.1] AndroidManifest.xml:40:13-42:29
271                <action android:name="androidx.profileinstaller.action.INSTALL_PROFILE" />
271-->[androidx.profileinstaller:profileinstaller:1.3.1] AndroidManifest.xml:41:17-91
271-->[androidx.profileinstaller:profileinstaller:1.3.1] AndroidManifest.xml:41:25-88
272            </intent-filter>
273            <intent-filter>
273-->[androidx.profileinstaller:profileinstaller:1.3.1] AndroidManifest.xml:43:13-45:29
274                <action android:name="androidx.profileinstaller.action.SKIP_FILE" />
274-->[androidx.profileinstaller:profileinstaller:1.3.1] AndroidManifest.xml:44:17-85
274-->[androidx.profileinstaller:profileinstaller:1.3.1] AndroidManifest.xml:44:25-82
275            </intent-filter>
276            <intent-filter>
276-->[androidx.profileinstaller:profileinstaller:1.3.1] AndroidManifest.xml:46:13-48:29
277                <action android:name="androidx.profileinstaller.action.SAVE_PROFILE" />
277-->[androidx.profileinstaller:profileinstaller:1.3.1] AndroidManifest.xml:47:17-88
277-->[androidx.profileinstaller:profileinstaller:1.3.1] AndroidManifest.xml:47:25-85
278            </intent-filter>
279            <intent-filter>
279-->[androidx.profileinstaller:profileinstaller:1.3.1] AndroidManifest.xml:49:13-51:29
280                <action android:name="androidx.profileinstaller.action.BENCHMARK_OPERATION" />
280-->[androidx.profileinstaller:profileinstaller:1.3.1] AndroidManifest.xml:50:17-95
280-->[androidx.profileinstaller:profileinstaller:1.3.1] AndroidManifest.xml:50:25-92
281            </intent-filter>
282        </receiver> <!-- The activities will be merged into the manifest of the hosting app. -->
283        <activity
283-->[com.google.android.play:core-common:2.0.3] AndroidManifest.xml:14:9-18:65
284            android:name="com.google.android.play.core.common.PlayCoreDialogWrapperActivity"
284-->[com.google.android.play:core-common:2.0.3] AndroidManifest.xml:15:13-93
285            android:exported="false"
285-->[com.google.android.play:core-common:2.0.3] AndroidManifest.xml:16:13-37
286            android:stateNotNeeded="true"
286-->[com.google.android.play:core-common:2.0.3] AndroidManifest.xml:17:13-42
287            android:theme="@style/Theme.PlayCore.Transparent" />
287-->[com.google.android.play:core-common:2.0.3] AndroidManifest.xml:18:13-62
288    </application>
289
290</manifest>